l 0x00000200
l 0x00000400
l 0x00000220
l 0x00000420
l 0x00000240
l 0x00000440
l 0x00000260
l 0x00000460
l 0x00000280
l 0x00000480
l 0x000002A0
l 0x000004A0
l 0x000002C0
l 0x000004C0
l 0x000002E0
l 0x000004E0
l 0x00000300
l 0x00000500
l 0x00000320
l 0x00000520
l 0x00000340
l 0x00000540
l 0x00000360
l 0x00000560
l 0x00000380
l 0x00000580
l 0x000003A0
l 0x000005A0
l 0x00000E00
l 0x00000200
l 0x00000E20
l 0x00000220
l 0x00000E40
l 0x00000240
l 0x00000E60
l 0x00000260
l 0x00000E80
l 0x00000280
l 0x00000EA0
l 0x000002A0
l 0x00000EC0
l 0x000002C0
l 0x00000EE0
l 0x000002E0
l 0x00000F00
l 0x00000300
l 0x00000F20
l 0x00000320
l 0x00000400
l 0x00000420
l 0x00000440
l 0x00000460
l 0x00000480
